{"/Users/ammar/Documents/Projects/simu-tools/src/Vec2/index.ts": {"path":"/Users/ammar/Documents/Projects/simu-tools/src/Vec2/index.ts","statementMap":{"0":{"start":{"line":1,"column":0},"end":{"line":1,"column":33}},"1":{"start":{"line":5,"column":11},"end":{"line":5,"column":23}},"2":{"start":{"line":6,"column":11},"end":{"line":6,"column":23}},"3":{"start":{"line":14,"column":4},"end":{"line":14,"column":36}},"4":{"start":{"line":22,"column":4},"end":{"line":22,"column":28}},"5":{"start":{"line":33,"column":4},"end":{"line":39,"column":5}},"6":{"start":{"line":34,"column":6},"end":{"line":34,"column":18}},"7":{"start":{"line":35,"column":6},"end":{"line":35,"column":18}},"8":{"start":{"line":37,"column":6},"end":{"line":37,"column":20}},"9":{"start":{"line":38,"column":6},"end":{"line":38,"column":20}},"10":{"start":{"line":40,"column":4},"end":{"line":40,"column":16}},"11":{"start":{"line":50,"column":4},"end":{"line":56,"column":5}},"12":{"start":{"line":51,"column":6},"end":{"line":51,"column":18}},"13":{"start":{"line":52,"column":6},"end":{"line":52,"column":18}},"14":{"start":{"line":54,"column":6},"end":{"line":54,"column":20}},"15":{"start":{"line":55,"column":6},"end":{"line":55,"column":20}},"16":{"start":{"line":57,"column":4},"end":{"line":57,"column":16}},"17":{"start":{"line":67,"column":4},"end":{"line":73,"column":5}},"18":{"start":{"line":68,"column":6},"end":{"line":68,"column":18}},"19":{"start":{"line":69,"column":6},"end":{"line":69,"column":18}},"20":{"start":{"line":71,"column":6},"end":{"line":71,"column":20}},"21":{"start":{"line":72,"column":6},"end":{"line":72,"column":20}},"22":{"start":{"line":74,"column":4},"end":{"line":74,"column":16}},"23":{"start":{"line":84,"column":4},"end":{"line":90,"column":5}},"24":{"start":{"line":85,"column":6},"end":{"line":85,"column":18}},"25":{"start":{"line":86,"column":6},"end":{"line":86,"column":18}},"26":{"start":{"line":88,"column":6},"end":{"line":88,"column":20}},"27":{"start":{"line":89,"column":6},"end":{"line":89,"column":20}},"28":{"start":{"line":91,"column":4},"end":{"line":91,"column":16}},"29":{"start":{"line":100,"column":4},"end":{"line":102,"column":5}},"30":{"start":{"line":101,"column":6},"end":{"line":101,"column":23}},"31":{"start":{"line":103,"column":4},"end":{"line":103,"column":16}},"32":{"start":{"line":111,"column":4},"end":{"line":111,"column":21}},"33":{"start":{"line":112,"column":4},"end":{"line":112,"column":20}},"34":{"start":{"line":120,"column":4},"end":{"line":120,"column":44}},"35":{"start":{"line":128,"column":14},"end":{"line":128,"column":28}},"36":{"start":{"line":129,"column":4},"end":{"line":129,"column":25}},"37":{"start":{"line":140,"column":4},"end":{"line":140,"column":48}},"38":{"start":{"line":150,"column":4},"end":{"line":150,"column":42}},"39":{"start":{"line":160,"column":4},"end":{"line":160,"column":42}},"40":{"start":{"line":170,"column":4},"end":{"line":170,"column":33}},"41":{"start":{"line":180,"column":4},"end":{"line":180,"column":41}},"42":{"start":{"line":189,"column":16},"end":{"line":189,"column":38}},"43":{"start":{"line":190,"column":4},"end":{"line":190,"column":66}},"44":{"start":{"line":200,"column":12},"end":{"line":200,"column":32}},"45":{"start":{"line":201,"column":12},"end":{"line":201,"column":32}},"46":{"start":{"line":202,"column":4},"end":{"line":202,"column":26}},"47":{"start":{"line":209,"column":16},"end":{"line":209,"column":32}},"48":{"start":{"line":209,"column":22},"end":{"line":209,"column":32}},"49":{"start":{"line":3,"column":0},"end":{"line":3,"column":13}}},"fnMap":{"0":{"name":"(anonymous_0)","decl":{"start":{"line":4,"column":2},"end":{"line":4,"column":null}},"loc":{"start":{"line":6,"column":24},"end":{"line":7,"column":6}}},"1":{"name":"(anonymous_1)","decl":{"start":{"line":13,"column":2},"end":{"line":13,"column":7}},"loc":{"start":{"line":13,"column":7},"end":{"line":15,"column":3}}},"2":{"name":"(anonymous_2)","decl":{"start":{"line":21,"column":2},"end":{"line":21,"column":7}},"loc":{"start":{"line":21,"column":7},"end":{"line":23,"column":3}}},"3":{"name":"(anonymous_3)","decl":{"start":{"line":32,"column":2},"end":{"line":32,"column":5}},"loc":{"start":{"line":32,"column":22},"end":{"line":41,"column":3}}},"4":{"name":"(anonymous_4)","decl":{"start":{"line":49,"column":2},"end":{"line":49,"column":5}},"loc":{"start":{"line":49,"column":22},"end":{"line":58,"column":3}}},"5":{"name":"(anonymous_5)","decl":{"start":{"line":66,"column":2},"end":{"line":66,"column":7}},"loc":{"start":{"line":66,"column":24},"end":{"line":75,"column":3}}},"6":{"name":"(anonymous_6)","decl":{"start":{"line":83,"column":2},"end":{"line":83,"column":5}},"loc":{"start":{"line":83,"column":22},"end":{"line":92,"column":3}}},"7":{"name":"(anonymous_7)","decl":{"start":{"line":99,"column":2},"end":{"line":99,"column":7}},"loc":{"start":{"line":99,"column":19},"end":{"line":104,"column":3}}},"8":{"name":"(anonymous_8)","decl":{"start":{"line":110,"column":2},"end":{"line":110,"column":8}},"loc":{"start":{"line":110,"column":20},"end":{"line":113,"column":3}}},"9":{"name":"(anonymous_9)","decl":{"start":{"line":119,"column":2},"end":{"line":119,"column":10}},"loc":{"start":{"line":119,"column":10},"end":{"line":121,"column":3}}},"10":{"name":"(anonymous_10)","decl":{"start":{"line":127,"column":2},"end":{"line":127,"column":11}},"loc":{"start":{"line":127,"column":11},"end":{"line":130,"column":3}}},"11":{"name":"(anonymous_11)","decl":{"start":{"line":139,"column":2},"end":{"line":139,"column":6}},"loc":{"start":{"line":139,"column":15},"end":{"line":141,"column":3}}},"12":{"name":"(anonymous_12)","decl":{"start":{"line":149,"column":2},"end":{"line":149,"column":8}},"loc":{"start":{"line":149,"column":29},"end":{"line":151,"column":3}}},"13":{"name":"(anonymous_13)","decl":{"start":{"line":159,"column":2},"end":{"line":159,"column":8}},"loc":{"start":{"line":159,"column":34},"end":{"line":161,"column":3}}},"14":{"name":"(anonymous_14)","decl":{"start":{"line":169,"column":2},"end":{"line":169,"column":8}},"loc":{"start":{"line":169,"column":29},"end":{"line":171,"column":3}}},"15":{"name":"(anonymous_15)","decl":{"start":{"line":179,"column":2},"end":{"line":179,"column":8}},"loc":{"start":{"line":179,"column":34},"end":{"line":181,"column":3}}},"16":{"name":"(anonymous_16)","decl":{"start":{"line":188,"column":2},"end":{"line":188,"column":8}},"loc":{"start":{"line":188,"column":36},"end":{"line":191,"column":3}}},"17":{"name":"(anonymous_17)","decl":{"start":{"line":199,"column":2},"end":{"line":199,"column":8}},"loc":{"start":{"line":199,"column":47},"end":{"line":203,"column":3}}},"18":{"name":"(anonymous_18)","decl":{"start":{"line":209,"column":16},"end":{"line":209,"column":19}},"loc":{"start":{"line":209,"column":22},"end":{"line":209,"column":32}}}},"branchMap":{"0":{"loc":{"start":{"line":5,"column":11},"end":{"line":5,"column":24}},"type":"default-arg","locations":[{"start":{"line":5,"column":23},"end":{"line":5,"column":24}}]},"1":{"loc":{"start":{"line":6,"column":11},"end":{"line":6,"column":24}},"type":"default-arg","locations":[{"start":{"line":6,"column":23},"end":{"line":6,"column":24}}]},"2":{"loc":{"start":{"line":33,"column":4},"end":{"line":39,"column":5}},"type":"if","locations":[{"start":{"line":33,"column":4},"end":{"line":39,"column":5}},{"start":{"line":36,"column":11},"end":{"line":39,"column":5}}]},"3":{"loc":{"start":{"line":50,"column":4},"end":{"line":56,"column":5}},"type":"if","locations":[{"start":{"line":50,"column":4},"end":{"line":56,"column":5}},{"start":{"line":53,"column":11},"end":{"line":56,"column":5}}]},"4":{"loc":{"start":{"line":67,"column":4},"end":{"line":73,"column":5}},"type":"if","locations":[{"start":{"line":67,"column":4},"end":{"line":73,"column":5}},{"start":{"line":70,"column":11},"end":{"line":73,"column":5}}]},"5":{"loc":{"start":{"line":84,"column":4},"end":{"line":90,"column":5}},"type":"if","locations":[{"start":{"line":84,"column":4},"end":{"line":90,"column":5}},{"start":{"line":87,"column":11},"end":{"line":90,"column":5}}]},"6":{"loc":{"start":{"line":100,"column":4},"end":{"line":102,"column":5}},"type":"if","locations":[{"start":{"line":100,"column":4},"end":{"line":102,"column":5}}]}},"s":{"0":1,"1":50,"2":50,"3":1,"4":2,"5":2,"6":1,"7":1,"8":1,"9":1,"10":2,"11":2,"12":1,"13":1,"14":1,"15":1,"16":2,"17":4,"18":3,"19":3,"20":1,"21":1,"22":4,"23":5,"24":4,"25":4,"26":1,"27":1,"28":5,"29":2,"30":1,"31":2,"32":2,"33":2,"34":1,"35":3,"36":3,"37":13,"38":1,"39":2,"40":1,"41":1,"42":1,"43":1,"44":1,"45":1,"46":1,"47":1,"48":1,"49":1},"f":{"0":50,"1":1,"2":2,"3":2,"4":2,"5":4,"6":5,"7":2,"8":2,"9":1,"10":3,"11":13,"12":1,"13":2,"14":1,"15":1,"16":1,"17":1,"18":1},"b":{"0":[1],"1":[1],"2":[1,1],"3":[1,1],"4":[3,1],"5":[4,1],"6":[1]}}
,"/Users/ammar/Documents/Projects/simu-tools/src/rand/index.ts": {"path":"/Users/ammar/Documents/Projects/simu-tools/src/rand/index.ts","statementMap":{"0":{"start":{"line":7,"column":22},"end":{"line":12,"column":1}},"1":{"start":{"line":8,"column":2},"end":{"line":10,"column":3}},"2":{"start":{"line":9,"column":4},"end":{"line":9,"column":53}},"3":{"start":{"line":11,"column":2},"end":{"line":11,"column":43}},"4":{"start":{"line":7,"column":13},"end":{"line":7,"column":22}}},"fnMap":{"0":{"name":"(anonymous_0)","decl":{"start":{"line":7,"column":22},"end":{"line":7,"column":23}},"loc":{"start":{"line":7,"column":51},"end":{"line":12,"column":1}}}},"branchMap":{"0":{"loc":{"start":{"line":8,"column":2},"end":{"line":10,"column":3}},"type":"if","locations":[{"start":{"line":8,"column":2},"end":{"line":10,"column":3}}]}},"s":{"0":2,"1":5,"2":1,"3":4,"4":2},"f":{"0":5},"b":{"0":[1]}}
}
