TN:
SF:src/Vec2/index.ts
FN:4,(anonymous_0)
FN:13,(anonymous_1)
FN:21,(anonymous_2)
FN:32,(anonymous_3)
FN:49,(anonymous_4)
FN:66,(anonymous_5)
FN:83,(anonymous_6)
FN:99,(anonymous_7)
FN:110,(anonymous_8)
FN:119,(anonymous_9)
FN:127,(anonymous_10)
FN:139,(anonymous_11)
FN:149,(anonymous_12)
FN:159,(anonymous_13)
FN:169,(anonymous_14)
FN:179,(anonymous_15)
FN:188,(anonymous_16)
FN:199,(anonymous_17)
FN:209,(anonymous_18)
FNF:19
FNH:19
FNDA:50,(anonymous_0)
FNDA:1,(anonymous_1)
FNDA:2,(anonymous_2)
FNDA:2,(anonymous_3)
FNDA:2,(anonymous_4)
FNDA:4,(anonymous_5)
FNDA:5,(anonymous_6)
FNDA:2,(anonymous_7)
FNDA:2,(anonymous_8)
FNDA:1,(anonymous_9)
FNDA:3,(anonymous_10)
FNDA:13,(anonymous_11)
FNDA:1,(anonymous_12)
FNDA:2,(anonymous_13)
FNDA:1,(anonymous_14)
FNDA:1,(anonymous_15)
FNDA:1,(anonymous_16)
FNDA:1,(anonymous_17)
FNDA:1,(anonymous_18)
DA:1,1
DA:3,1
DA:5,50
DA:6,50
DA:14,1
DA:22,2
DA:33,2
DA:34,1
DA:35,1
DA:37,1
DA:38,1
DA:40,2
DA:50,2
DA:51,1
DA:52,1
DA:54,1
DA:55,1
DA:57,2
DA:67,4
DA:68,3
DA:69,3
DA:71,1
DA:72,1
DA:74,4
DA:84,5
DA:85,4
DA:86,4
DA:88,1
DA:89,1
DA:91,5
DA:100,2
DA:101,1
DA:103,2
DA:111,2
DA:112,2
DA:120,1
DA:128,3
DA:129,3
DA:140,13
DA:150,1
DA:160,2
DA:170,1
DA:180,1
DA:189,1
DA:190,1
DA:200,1
DA:201,1
DA:202,1
DA:209,1
LF:49
LH:49
BRDA:5,0,0,1
BRDA:6,1,0,1
BRDA:33,2,0,1
BRDA:33,2,1,1
BRDA:50,3,0,1
BRDA:50,3,1,1
BRDA:67,4,0,3
BRDA:67,4,1,1
BRDA:84,5,0,4
BRDA:84,5,1,1
BRDA:100,6,0,1
BRF:11
BRH:11
end_of_record
TN:
SF:src/rand/index.ts
FN:7,(anonymous_0)
FNF:1
FNH:1
FNDA:5,(anonymous_0)
DA:7,2
DA:8,5
DA:9,1
DA:11,4
LF:4
LH:4
BRDA:8,0,0,1
BRF:1
BRH:1
end_of_record
